0 info it worked if it ends with ok
1 verbose cli [ '/usr/bin/nodejs', '/usr/bin/npm', 'run', 'builddb' ]
2 info using npm@3.10.8
3 info using node@v6.9.1
4 verbose run-script [ 'prebuilddb', 'builddb', 'postbuilddb' ]
5 info lifecycle ProjectTagus@0.0.1~prebuilddb: ProjectTagus@0.0.1
6 silly lifecycle ProjectTagus@0.0.1~prebuilddb: no script for prebuilddb, continuing
7 info lifecycle ProjectTagus@0.0.1~builddb: ProjectTagus@0.0.1
8 verbose lifecycle ProjectTagus@0.0.1~builddb: unsafe-perm in lifecycle true
9 verbose lifecycle ProjectTagus@0.0.1~builddb: PATH: /usr/lib/node_modules/npm/bin/node-gyp-bin:/home/goncalo-snot/Development/project-tagus/node_modules/.bin:/usr/local/sbin:/usr/local/bin:/usr/sbin:/usr/bin:/sbin:/bin:/usr/games:/usr/local/games
10 verbose lifecycle ProjectTagus@0.0.1~builddb: CWD: /home/goncalo-snot/Development/project-tagus
11 silly lifecycle ProjectTagus@0.0.1~builddb: Args: [ '-c', 'npm start ./tagus/api/buildDB/initscript.js' ]
12 silly lifecycle ProjectTagus@0.0.1~builddb: Returned: code: 1  signal: null
13 info lifecycle ProjectTagus@0.0.1~builddb: Failed to exec builddb script
14 verbose stack Error: ProjectTagus@0.0.1 builddb: `npm start ./tagus/api/buildDB/initscript.js`
14 verbose stack Exit status 1
14 verbose stack     at EventEmitter.<anonymous> (/usr/lib/node_modules/npm/lib/utils/lifecycle.js:255:16)
14 verbose stack     at emitTwo (events.js:106:13)
14 verbose stack     at EventEmitter.emit (events.js:191:7)
14 verbose stack     at ChildProcess.<anonymous> (/usr/lib/node_modules/npm/lib/utils/spawn.js:40:14)
14 verbose stack     at emitTwo (events.js:106:13)
14 verbose stack     at ChildProcess.emit (events.js:191:7)
14 verbose stack     at maybeClose (internal/child_process.js:877:16)
14 verbose stack     at Process.ChildProcess._handle.onexit (internal/child_process.js:226:5)
15 verbose pkgid ProjectTagus@0.0.1
16 verbose cwd /home/goncalo-snot/Development/project-tagus
17 error Linux 4.4.0-21-generic
18 error argv "/usr/bin/nodejs" "/usr/bin/npm" "run" "builddb"
19 error node v6.9.1
20 error npm  v3.10.8
21 error code ELIFECYCLE
22 error ProjectTagus@0.0.1 builddb: `npm start ./tagus/api/buildDB/initscript.js`
22 error Exit status 1
23 error Failed at the ProjectTagus@0.0.1 builddb script 'npm start ./tagus/api/buildDB/initscript.js'.
23 error Make sure you have the latest version of node.js and npm installed.
23 error If you do, this is most likely a problem with the ProjectTagus package,
23 error not with npm itself.
23 error Tell the author that this fails on your system:
23 error     npm start ./tagus/api/buildDB/initscript.js
23 error You can get information on how to open an issue for this project with:
23 error     npm bugs ProjectTagus
23 error Or if that isn't available, you can get their info via:
23 error     npm owner ls ProjectTagus
23 error There is likely additional logging output above.
24 verbose exit [ 1, true ]
